Starting System Verification at 2026-03-04 07:04:38
[OK] Found File: config/db.php
[OK] Found File: includes/header.php
[OK] Found File: includes/sidebar.php
[OK] Found File: patients.php
[OK] Found File: billing.php
[OK] Found File: tpa_companies.php
[OK] Found File: treatment_packages.php
[OK] Found File: accounting.php
[OK] Found File: n8n_api.php
[OK] Found File: hms_schema.sql
[OK] Database connection successful.
[OK] Table exists: users
[OK] Table exists: patients
[OK] Table exists: bills
[OK] Table exists: tpa_companies
[OK] Table exists: treatment_packages
[OK] Table exists: accounting_ledger
[OK] Table exists: n8n_tasks

[SUCCESS] Feature Parity 100% Match! No missing files.
